<?xml version="1.0" encoding="UTF-8"?>
<testng-results ignored="0" total="2" passed="2" failed="0" skipped="0">
  <reporter-output>
  </reporter-output>
  <suite started-at="2021-12-13T09:43:02 IST" name="Suite" finished-at="2021-12-13T09:44:03 IST" duration-ms="60198">
    <groups>
    </groups>
    <test started-at="2021-12-13T09:43:02 IST" name="Test" finished-at="2021-12-13T09:44:03 IST" duration-ms="60198">
      <class name="e2eproject.finaldemo.LoginTestCase">
        <test-method signature="basepagenavigation(java.lang.String,java.lang.String)[pri:0, instance:e2eproject.finaldemo.LoginTestCase@1534f01b]" started-at="2021-12-13T09:43:03 IST" name="basepagenavigation" data-provider="getData" finished-at="2021-12-13T09:43:38 IST" duration-ms="35440" status="PASS">
          <params>
            <param index="0">
              <value>
                <![CDATA[test@1]]>
              </value>
            </param>
            <param index="1">
              <value>
                <![CDATA[urvi123]]>
              </value>
            </param>
          </params>
          <reporter-output>
          </reporter-output>
        </test-method> <!-- basepagenavigation -->
        <test-method signature="basepagenavigation(java.lang.String,java.lang.String)[pri:0, instance:e2eproject.finaldemo.LoginTestCase@1534f01b]" started-at="2021-12-13T09:43:38 IST" name="basepagenavigation" data-provider="getData" finished-at="2021-12-13T09:44:03 IST" duration-ms="24512" status="PASS">
          <params>
            <param index="0">
              <value>
                <![CDATA[test@2]]>
              </value>
            </param>
            <param index="1">
              <value>
                <![CDATA[abcd]]>
              </value>
            </param>
          </params>
          <reporter-output>
          </reporter-output>
        </test-method> <!-- basepagenavigation -->
      </class> <!-- e2eproject.finaldemo.LoginTestCase -->
    </test> <!-- Test -->
  </suite> <!-- Suite -->
</testng-results>
